<?xml version="1.0" encoding="utf-8"?>
<coverage line-rate="0.657" branch-rate="0.511" version="1.9" timestamp="1766625824" lines-covered="1843" lines-valid="2805" branches-covered="325" branches-valid="636">
  <sources>
    <source>C:\Users\samsm\source\repos\SamSmithNZ.com\src\SamSmithNZ.Service\</source>
  </sources>
  <packages>
    <package name="SamSmithNZ.Service" line-rate="0.657" branch-rate="0.511" complexity="1288">
      <classes>
        <class name="SamSmithNZ.Service.Utility" filename="Utility.cs" line-rate="1" branch-rate="1" complexity="2">
          <methods>
            <method name="GenerateRandomNumber" signature="(System.Int32,System.Int32)" line-rate="1" branch-rate="1" complexity="1">
              <lines>
                <line number="7" hits="14" branch="False" />
                <line number="8" hits="14" branch="False" />
                <line number="9" hits="14" branch="False" />
                <line number="10" hits="14" branch="False" />
              </lines>
            </method>
            <method name=".cctor" signature="()" line-rate="1" branch-rate="1" complexity="1">
              <lines>
                <line number="5" hits="1" branch="False" />
              </lines>
            </method>
          </methods>
          <lines>
            <line number="7" hits="14" branch="False" />
            <line number="8" hits="14" branch="False" />
            <line number="9" hits="14" branch="False" />
            <line number="10" hits="14" branch="False" />
            <line number="5" hits="1" branch="False" />
          </lines>
        </class>
        <class name="SamSmithNZ.Service.Models.WorldCup.Game" filename="Models\WorldCup\Game.cs" line-rate="0.8437" branch-rate="0.775" complexity="244">
          <methods>
            <method name="get_RowType" signature="()" line-rate="1" branch-rate="1" complexity="1">
              <lines>
                <line number="12" hits="1339" branch="False" />
              </lines>
            </method>
            <method name="get_RoundNumber" signature="()" line-rate="1" branch-rate="1" complexity="1">
              <lines>
                <line number="13" hits="1346" branch="False" />
              </lines>
            </method>
            <method name="get_RoundCode" signature="()" line-rate="1" branch-rate="1" complexity="1">
              <lines>
                <line number="14" hits="9918" branch="False" />
              </lines>
            </method>
            <method name="get_RoundName" signature="()" line-rate="1" branch-rate="1" complexity="1">
              <lines>
                <line number="15" hits="1345" branch="False" />
              </lines>
            </method>
            <method name="get_Location" signature="()" line-rate="1" branch-rate="1" complexity="1">
              <lines>
                <line number="16" hits="1345" branch="False" />
              </lines>
            </method>
            <method name="get_TournamentCode" signature="()" line-rate="1" branch-rate="1" complexity="1">
              <lines>
                <line number="17" hits="1360" branch="False" />
              </lines>
            </method>
            <method name="get_TournamentName" signature="()" line-rate="1" branch-rate="1" complexity="1">
              <lines>
                <line number="18" hits="1346" branch="False" />
              </lines>
            </method>
            <method name="get_GameCode" signature="()" line-rate="1" branch-rate="1" complexity="1">
              <lines>
                <line number="20" hits="1905" branch="False" />
              </lines>
            </method>
            <method name="get_GameNumber" signature="()" line-rate="1" branch-rate="1" complexity="1">
              <lines>
                <line number="21" hits="1345" branch="False" />
              </lines>
            </method>
            <method name="get_GameTime" signature="()" line-rate="1" branch-rate="1" complexity="1">
              <lines>
                <line number="22" hits="1422" branch="False" />
              </lines>
            </method>
            <method name="GameTimeString" signature="()" line-rate="1" branch-rate="1" complexity="2">
              <lines>
                <line number="25" hits="4" branch="False" />
                <line number="26" hits="4" branch="True" condition-coverage="100% (2/2)">
                  <conditions>
                    <condition number="30" type="jump" coverage="100%" />
                  </conditions>
                </line>
                <line number="27" hits="2" branch="False" />
                <line number="28" hits="2" branch="False" />
                <line number="31" hits="2" branch="False" />
                <line number="32" hits="2" branch="False" />
                <line number="34" hits="4" branch="False" />
              </lines>
            </method>
            <method name="get_Team1Code" signature="()" line-rate="1" branch-rate="1" complexity="1">
              <lines>
                <line number="35" hits="2073" branch="False" />
              </lines>
            </method>
            <method name="get_Team1Name" signature="()" line-rate="1" branch-rate="1" complexity="1">
              <lines>
                <line number="36" hits="1479" branch="False" />
              </lines>
            </method>
            <method name="get_Team1NormalTimeScore" signature="()" line-rate="1" branch-rate="1" complexity="1">
              <lines>
                <line number="37" hits="3904" branch="False" />
              </lines>
            </method>
            <method name="get_Team1ExtraTimeScore" signature="()" line-rate="1" branch-rate="1" complexity="1">
              <lines>
                <line number="38" hits="2003" branch="False" />
              </lines>
            </method>
            <method name="get_Team1PenaltiesScore" signature="()" line-rate="1" branch-rate="1" complexity="1">
              <lines>
                <line number="39" hits="3135" branch="False" />
              </lines>
            </method>
            <method name="get_Team1EloRating" signature="()" line-rate="1" branch-rate="1" complexity="1">
              <lines>
                <line number="40" hits="1341" branch="False" />
              </lines>
            </method>
            <method name="get_Team1PreGameEloRating" signature="()" line-rate="1" branch-rate="1" complexity="1">
              <lines>
                <line number="41" hits="7835" branch="False" />
              </lines>
            </method>
            <method name="get_Team1PostGameEloRating" signature="()" line-rate="1" branch-rate="1" complexity="1">
              <lines>
                <line number="42" hits="1602" branch="False" />
              </lines>
            </method>
            <method name="get_Team2Code" signature="()" line-rate="1" branch-rate="1" complexity="1">
              <lines>
                <line number="43" hits="1901" branch="False" />
              </lines>
            </method>
            <method name="get_Team2Name" signature="()" line-rate="1" branch-rate="1" complexity="1">
              <lines>
                <line number="44" hits="1479" branch="False" />
              </lines>
            </method>
            <method name="get_Team2NormalTimeScore" signature="()" line-rate="1" branch-rate="1" complexity="1">
              <lines>
                <line number="45" hits="3492" branch="False" />
              </lines>
            </method>
            <method name="get_Team2ExtraTimeScore" signature="()" line-rate="1" branch-rate="1" complexity="1">
              <lines>
                <line number="46" hits="277" branch="False" />
              </lines>
            </method>
            <method name="get_Team2PenaltiesScore" signature="()" line-rate="1" branch-rate="1" complexity="1">
              <lines>
                <line number="47" hits="188" branch="False" />
              </lines>
            </method>
            <method name="get_Team2EloRating" signature="()" line-rate="1" branch-rate="1" complexity="1">
              <lines>
                <line number="48" hits="1341" branch="False" />
              </lines>
            </method>
            <method name="get_Team2PreGameEloRating" signature="()" line-rate="1" branch-rate="1" complexity="1">
              <lines>
                <line number="49" hits="6383" branch="False" />
              </lines>
            </method>
            <method name="get_Team2PostGameEloRating" signature="()" line-rate="1" branch-rate="1" complexity="1">
              <lines>
                <line number="50" hits="1603" branch="False" />
              </lines>
            </method>
            <method name="get_Team1FlagName" signature="()" line-rate="1" branch-rate="1" complexity="1">
              <lines>
                <line number="51" hits="1343" branch="False" />
              </lines>
            </method>
            <method name="get_Team2FlagName" signature="()" line-rate="1" branch-rate="1" complexity="1">
              <lines>
                <line number="52" hits="1343" branch="False" />
              </lines>
            </method>
            <method name="get_Team1Withdrew" signature="()" line-rate="1" branch-rate="1" complexity="1">
              <lines>
                <line number="53" hits="1349" branch="False" />
              </lines>
            </method>
            <method name="get_Team2Withdrew" signature="()" line-rate="1" branch-rate="1" complexity="1">
              <lines>
                <line number="54" hits="1348" branch="False" />
              </lines>
            </method>
            <method name="get_CoachName" signature="()" line-rate="1" branch-rate="1" complexity="1">
              <lines>
                <line number="55" hits="1045" branch="False" />
              </lines>
            </method>
            <method name="get_CoachFlag" signature="()" line-rate="1" branch-rate="1" complexity="1">
              <lines>
                <line number="56" hits="1045" branch="False" />
              </lines>
            </method>
            <method name="get_Team1ResultRegulationTimeScore" signature="()" line-rate="1" branch-rate="1" complexity="1">
              <lines>
                <line number="59" hits="3332" branch="False" />
              </lines>
            </method>
            <method name="get_Team2ResultRegulationTimeScore" signature="()" line-rate="1" branch-rate="1" complexity="1">
              <lines>
                <line number="60" hits="3332" branch="False" />
              </lines>
            </method>
            <method name="get_Team1ResultInformation" signature="()" line-rate="1" branch-rate="1" complexity="1">
              <lines>
                <line number="61" hits="1339" branch="False" />
              </lines>
            </method>
            <method name="get_Team2ResultInformation" signature="()" line-rate="1" branch-rate="1" complexity="1">
              <lines>
                <line number="62" hits="1339" branch="False" />
              </lines>
            </method>
            <method name="get_Team1ResultWonGame" signature="()" line-rate="1" branch-rate="1" complexity="1">
              <lines>
                <line number="63" hits="2102" branch="False" />
              </lines>
            </method>
            <method name="get_Team2ResultWonGame" signature="()" line-rate="1" branch-rate="1" complexity="1">
              <lines>
                <line number="64" hits="1880" branch="False" />
              </lines>
            </method>
            <method name="get_IsPenalty" signature="()" line-rate="1" branch-rate="1" complexity="1">
              <lines>
                <line number="67" hits="3" branch="False" />
              </lines>
            </method>
            <method name="get_IsOwnGoal" signature="()" line-rate="1" branch-rate="1" complexity="1">
              <lines>
                <line number="68" hits="3" branch="False" />
              </lines>
            </method>
            <method name="get_IsGoldenGoal" signature="()" line-rate="1" branch-rate="1" complexity="1">
              <lines>
                <line number="69" hits="1" branch="False" />
              </lines>
            </method>
            <method name="get_Team1TotalGoals" signature="()" line-rate="1" branch-rate="1" complexity="6">
              <lines>
                <line number="74" hits="4" branch="False" />
                <line number="75" hits="4" branch="False" />
                <line number="76" hits="4" branch="True" condition-coverage="100% (2/2)">
                  <conditions>
                    <condition number="25" type="jump" coverage="100%" />
                  </conditions>
                </line>
                <line number="77" hits="3" branch="False" />
                <line number="78" hits="3" branch="False" />
                <line number="79" hits="3" branch="False" />
                <line number="80" hits="4" branch="True" condition-coverage="100% (2/2)">
                  <conditions>
                    <condition number="52" type="jump" coverage="100%" />
                  </conditions>
                </line>
                <line number="81" hits="3" branch="False" />
                <line number="82" hits="3" branch="True" condition-coverage="100% (2/2)">
                  <conditions>
                    <condition number="80" type="jump" coverage="100%" />
                  </conditions>
                </line>
                <line number="83" hits="3" branch="False" />
                <line number="84" hits="4" branch="False" />
                <line number="85" hits="4" branch="False" />
              </lines>
            </method>
            <method name="get_Team2TotalGoals" signature="()" line-rate="1" branch-rate="0.8332999999999999" complexity="6">
              <lines>
                <line number="90" hits="3" branch="False" />
                <line number="91" hits="3" branch="False" />
                <line number="92" hits="3" branch="True" condition-coverage="100% (2/2)">
                  <conditions>
                    <condition number="25" type="jump" coverage="100%" />
                  </conditions>
                </line>
                <line number="93" hits="3" branch="False" />
                <line number="94" hits="3" branch="False" />
                <line number="95" hits="3" branch="False" />
                <line number="96" hits="3" branch="True" condition-coverage="100% (2/2)">
                  <conditions>
                    <condition number="52" type="jump" coverage="100%" />
                  </conditions>
                </line>
                <line number="97" hits="2" branch="False" />
                <line number="98" hits="2" branch="True" condition-coverage="50% (1/2)">
                  <conditions>
                    <condition number="80" type="jump" coverage="50%" />
                  </conditions>
                </line>
                <line number="99" hits="2" branch="False" />
                <line number="100" hits="3" branch="False" />
                <line number="101" hits="3" branch="False" />
              </lines>
            </method>
            <method name="get_Team1ChanceToWin" signature="()" line-rate="1" branch-rate="1" complexity="8">
              <lines>
                <line number="107" hits="1733" branch="False" />
                <line number="108" hits="1733" branch="True" condition-coverage="100% (4/4)">
                  <conditions>
                    <condition number="15" type="jump" coverage="100%" />
                    <condition number="36" type="jump" coverage="100%" />
                  </conditions>
                </line>
                <line number="109" hits="1702" branch="False" />
                <line number="110" hits="1702" branch="True" condition-coverage="100% (4/4)">
                  <conditions>
                    <condition number="60" type="jump" coverage="100%" />
                    <condition number="90" type="jump" coverage="100%" />
                  </conditions>
                </line>
                <line number="111" hits="189" branch="False" />
                <line number="112" hits="189" branch="False" />
                <line number="113" hits="189" branch="False" />
                <line number="114" hits="1702" branch="False" />
                <line number="117" hits="31" branch="False" />
                <line number="118" hits="31" branch="False" />
                <line number="120" hits="1733" branch="False" />
              </lines>
            </method>
            <method name="get_Team2ChanceToWin" signature="()" line-rate="1" branch-rate="1" complexity="8">
              <lines>
                <line number="126" hits="1539" branch="False" />
                <line number="127" hits="1539" branch="True" condition-coverage="100% (4/4)">
                  <conditions>
                    <condition number="15" type="jump" coverage="100%" />
                    <condition number="36" type="jump" coverage="100%" />
                  </conditions>
                </line>
                <line number="128" hits="1529" branch="False" />
                <line number="129" hits="1529" branch="True" condition-coverage="100% (4/4)">
                  <conditions>
                    <condition number="60" type="jump" coverage="100%" />
                    <condition number="90" type="jump" coverage="100%" />
                  </conditions>
                </line>
                <line number="130" hits="150" branch="False" />
                <line number="131" hits="150" branch="False" />
                <line number="132" hits="150" branch="False" />
                <line number="133" hits="1529" branch="False" />
                <line number="136" hits="10" branch="False" />
                <line number="137" hits="10" branch="False" />
                <line number="149" hits="1539" branch="False" />
              </lines>
            </method>
            <method name="get_TeamChanceToDraw" signature="()" line-rate="0.8181" branch-rate="0.75" complexity="8">
              <lines>
                <line number="155" hits="12" branch="False" />
                <line number="156" hits="12" branch="True" condition-coverage="50% (2/4)">
                  <conditions>
                    <condition number="15" type="jump" coverage="50%" />
                    <condition number="36" type="jump" coverage="50%" />
                  </conditions>
                </line>
                <line number="157" hits="12" branch="False" />
                <line number="158" hits="12" branch="True" condition-coverage="100% (4/4)">
                  <conditions>
                    <condition number="60" type="jump" coverage="100%" />
                    <condition number="90" type="jump" coverage="100%" />
                  </conditions>
                </line>
                <line number="159" hits="2" branch="False" />
                <line number="160" hits="2" branch="False" />
                <line number="161" hits="2" branch="False" />
                <line number="162" hits="12" branch="False" />
                <line number="165" hits="0" branch="False" />
                <line number="166" hits="0" branch="False" />
                <line number="168" hits="12" branch="False" />
              </lines>
            </method>
            <method name="CalculateOdds" signature="()" line-rate="1" branch-rate="1" complexity="16">
              <lines>
                <line number="175" hits="1753" branch="False" />
                <line number="177" hits="1753" branch="True" condition-coverage="100% (10/10)">
                  <conditions>
                    <condition number="17" type="jump" coverage="100%" />
                    <condition number="35" type="jump" coverage="100%" />
                    <condition number="53" type="jump" coverage="100%" />
                    <condition number="71" type="jump" coverage="100%" />
                    <condition number="94" type="jump" coverage="100%" />
                  </conditions>
                </line>
                <line number="178" hits="1753" branch="False" />
                <line number="179" hits="1753" branch="False" />
                <line number="180" hits="1753" branch="False" />
                <line number="181" hits="1753" branch="False" />
                <line number="182" hits="102" branch="False" />
                <line number="183" hits="102" branch="False" />
                <line number="184" hits="102" branch="False" />
                <line number="186" hits="1651" branch="False" />
                <line number="187" hits="1651" branch="False" />
                <line number="188" hits="1651" branch="False" />
                <line number="189" hits="1753" branch="True" condition-coverage="100% (4/4)">
                  <conditions>
                    <condition number="132" type="jump" coverage="100%" />
                    <condition number="156" type="jump" coverage="100%" />
                  </conditions>
                </line>
                <line number="190" hits="1412" branch="False" />
                <line number="191" hits="1412" branch="False" />
                <line number="192" hits="1412" branch="False" />
                <line number="193" hits="1412" branch="False" />
                <line number="194" hits="1412" branch="False" />
                <line number="196" hits="341" branch="False" />
                <line number="198" hits="341" branch="False" />
                <line number="202" hits="341" branch="False" />
                <line number="205" hits="341" branch="False" />
                <line number="206" hits="341" branch="False" />
                <line number="207" hits="341" branch="True" condition-coverage="100% (2/2)">
                  <conditions>
                    <condition number="416" type="jump" coverage="100%" />
                  </conditions>
                </line>
                <line number="208" hits="239" branch="False" />
                <line number="209" hits="239" branch="False" />
                <line number="211" hits="239" branch="False" />
                <line number="214" hits="341" branch="False" />
                <line number="215" hits="341" branch="False" />
                <line number="216" hits="341" branch="False" />
                <line number="217" hits="341" branch="False" />
                <line number="218" hits="1753" branch="False" />
              </lines>
            </method>
            <method name="get_Team1BeatOdds" signature="()" line-rate="0" branch-rate="0" complexity="6">
              <lines>
                <line number="223" hits="0" branch="False" />
                <line number="224" hits="0" branch="True" condition-coverage="0% (0/2)">
                  <conditions>
                    <condition number="29" type="jump" coverage="0%" />
                  </conditions>
                </line>
                <line number="225" hits="0" branch="False" />
                <line number="226" hits="0" branch="True" condition-coverage="0% (0/2)">
                  <conditions>
                    <condition number="48" type="jump" coverage="0%" />
                  </conditions>
                </line>
                <line number="227" hits="0" branch="False" />
                <line number="228" hits="0" branch="False" />
                <line number="231" hits="0" branch="False" />
                <line number="232" hits="0" branch="False" />
                <line number="236" hits="0" branch="False" />
                <line number="237" hits="0" branch="True" condition-coverage="0% (0/2)">
                  <conditions>
                    <condition number="79" type="jump" coverage="0%" />
                  </conditions>
                </line>
                <line number="238" hits="0" branch="False" />
                <line number="239" hits="0" branch="False" />
                <line number="242" hits="0" branch="False" />
                <line number="243" hits="0" branch="False" />
                <line number="246" hits="0" branch="False" />
              </lines>
            </method>
            <method name="get_Team1OddsCountExpectedWin" signature="()" line-rate="1" branch-rate="1" complexity="2">
              <lines>
                <line number="252" hits="176" branch="False" />
                <line number="253" hits="176" branch="True" condition-coverage="100% (2/2)">
                  <conditions>
                    <condition number="9" type="jump" coverage="100%" />
                  </conditions>
                </line>
                <line number="254" hits="75" branch="False" />
                <line number="255" hits="75" branch="False" />
                <line number="258" hits="101" branch="False" />
                <line number="259" hits="101" branch="False" />
                <line number="261" hits="176" branch="False" />
              </lines>
            </method>
            <method name="get_Team1OddsCountExpectedLoss" signature="()" line-rate="1" branch-rate="1" complexity="2">
              <lines>
                <line number="266" hits="174" branch="False" />
                <line number="267" hits="174" branch="True" condition-coverage="100% (2/2)">
                  <conditions>
                    <condition number="9" type="jump" coverage="100%" />
                  </conditions>
                </line>
                <line number="268" hits="26" branch="False" />
                <line number="269" hits="26" branch="False" />
                <line number="272" hits="148" branch="False" />
                <line number="273" hits="148" branch="False" />
                <line number="275" hits="174" branch="False" />
              </lines>
            </method>
            <method name="get_Team1OddsCountUnexpectedWin" signature="()" line-rate="1" branch-rate="1" complexity="2">
              <lines>
                <line number="280" hits="175" branch="False" />
                <line number="281" hits="175" branch="True" condition-coverage="100% (2/2)">
                  <conditions>
                    <condition number="9" type="jump" coverage="100%" />
                  </conditions>
                </line>
                <line number="282" hits="22" branch="False" />
                <line number="283" hits="22" branch="False" />
                <line number="286" hits="153" branch="False" />
                <line number="287" hits="153" branch="False" />
                <line number="289" hits="175" branch="False" />
              </lines>
            </method>
            <method name="get_Team1OddsCountUnexpectedLoss" signature="()" line-rate="1" branch-rate="1" complexity="2">
              <lines>
                <line number="294" hits="171" branch="False" />
                <line number="295" hits="171" branch="True" condition-coverage="100% (2/2)">
                  <conditions>
                    <condition number="9" type="jump" coverage="100%" />
                  </conditions>
                </line>
                <line number="296" hits="16" branch="False" />
                <line number="297" hits="16" branch="False" />
                <line number="300" hits="155" branch="False" />
                <line number="301" hits="155" branch="False" />
                <line number="303" hits="171" branch="False" />
              </lines>
            </method>
            <method name="get_Team1OddsCountUnexpectedDraw" signature="()" line-rate="1" branch-rate="1" complexity="2">
              <lines>
                <line number="308" hits="174" branch="False" />
                <line number="309" hits="174" branch="True" condition-coverage="100% (2/2)">
                  <conditions>
                    <condition number="9" type="jump" coverage="100%" />
                  </conditions>
                </line>
                <line number="310" hits="29" branch="False" />
                <line number="311" hits="29" branch="False" />
                <line number="314" hits="145" branch="False" />
                <line number="315" hits="145" branch="False" />
                <line number="317" hits="174" branch="False" />
              </lines>
            </method>
            <method name="get_Team1OddsCountUnknown" signature="()" line-rate="1" branch-rate="1" complexity="2">
              <lines>
                <line number="322" hits="170" branch="False" />
                <line number="323" hits="170" branch="True" condition-coverage="100% (2/2)">
                  <conditions>
                    <condition number="9" type="jump" coverage="100%" />
                  </conditions>
                </line>
                <line number="324" hits="7" branch="False" />
                <line number="325" hits="7" branch="False" />
                <line number="328" hits="163" branch="False" />
                <line number="329" hits="163" branch="False" />
                <line number="331" hits="170" branch="False" />
              </lines>
            </method>
            <method name="get_Team2OddsCountExpectedWin" signature="()" line-rate="1" branch-rate="1" complexity="2">
              <lines>
                <line number="336" hits="156" branch="False" />
                <line number="337" hits="156" branch="True" condition-coverage="100% (2/2)">
                  <conditions>
                    <condition number="9" type="jump" coverage="100%" />
                  </conditions>
                </line>
                <line number="338" hits="31" branch="False" />
                <line number="339" hits="31" branch="False" />
                <line number="342" hits="125" branch="False" />
                <line number="343" hits="125" branch="False" />
                <line number="345" hits="156" branch="False" />
              </lines>
            </method>
            <method name="get_Team2OddsCountExpectedLoss" signature="()" line-rate="1" branch-rate="1" complexity="2">
              <lines>
                <line number="350" hits="153" branch="False" />
                <line number="351" hits="153" branch="True" condition-coverage="100% (2/2)">
                  <conditions>
                    <condition number="9" type="jump" coverage="100%" />
                  </conditions>
                </line>
                <line number="352" hits="46" branch="False" />
                <line number="353" hits="46" branch="False" />
                <line number="356" hits="107" branch="False" />
                <line number="357" hits="107" branch="False" />
                <line number="359" hits="153" branch="False" />
              </lines>
            </method>
            <method name="get_Team2OddsCountUnexpectedWin" signature="()" line-rate="1" branch-rate="1" complexity="2">
              <lines>
                <line number="364" hits="155" branch="False" />
                <line number="365" hits="155" branch="True" condition-coverage="100% (2/2)">
                  <conditions>
                    <condition number="9" type="jump" coverage="100%" />
                  </conditions>
                </line>
                <line number="366" hits="19" branch="False" />
                <line number="367" hits="19" branch="False" />
                <line number="370" hits="136" branch="False" />
                <line number="371" hits="136" branch="False" />
                <line number="373" hits="155" branch="False" />
              </lines>
            </method>
            <method name="get_Team2OddsCountUnexpectedLoss" signature="()" line-rate="1" branch-rate="1" complexity="2">
              <lines>
                <line number="378" hits="151" branch="False" />
                <line number="379" hits="151" branch="True" condition-coverage="100% (2/2)">
                  <conditions>
                    <condition number="9" type="jump" coverage="100%" />
                  </conditions>
                </line>
                <line number="380" hits="19" branch="False" />
                <line number="381" hits="19" branch="False" />
                <line number="384" hits="132" branch="False" />
                <line number="385" hits="132" branch="False" />
                <line number="387" hits="151" branch="False" />
              </lines>
            </method>
            <method name="get_Team2OddsCountUnexpectedDraw" signature="()" line-rate="1" branch-rate="1" complexity="2">
              <lines>
                <line number="392" hits="155" branch="False" />
                <line number="393" hits="155" branch="True" condition-coverage="100% (2/2)">
                  <conditions>
                    <condition number="9" type="jump" coverage="100%" />
                  </conditions>
                </line>
                <line number="394" hits="37" branch="False" />
                <line number="395" hits="37" branch="False" />
                <line number="398" hits="118" branch="False" />
                <line number="399" hits="118" branch="False" />
                <line number="401" hits="155" branch="False" />
              </lines>
            </method>
            <method name="get_Team2OddsCountUnknown" signature="()" line-rate="1" branch-rate="1" complexity="2">
              <lines>
                <line number="406" hits="150" branch="False" />
                <line number="407" hits="150" branch="True" condition-coverage="100% (2/2)">
                  <conditions>
                    <condition number="9" type="jump" coverage="100%" />
                  </conditions>
                </line>
                <line number="408" hits="3" branch="False" />
                <line number="409" hits="3" branch="False" />
                <line number="412" hits="147" branch="False" />
                <line number="413" hits="147" branch="False" />
                <line number="415" hits="150" branch="False" />
              </lines>
            </method>
            <method name="get_Team1OddsResultUnknown" signature="()" line-rate="1" branch-rate="1" complexity="4">
              <lines>
                <line number="421" hits="170" branch="False" />
                <line number="422" hits="170" branch="True" condition-coverage="100% (4/4)">
                  <conditions>
                    <condition number="15" type="jump" coverage="100%" />
                    <condition number="45" type="jump" coverage="100%" />
                  </conditions>
                </line>
                <line number="423" hits="7" branch="False" />
                <line number="424" hits="7" branch="False" />
                <line number="427" hits="163" branch="False" />
                <line number="428" hits="163" branch="False" />
                <line number="430" hits="170" branch="False" />
              </lines>
            </method>
            <method name="get_Team1OddsResultExpectedWin" signature="()" line-rate="1" branch-rate="1" complexity="6">
              <lines>
                <line number="436" hits="176" branch="False" />
                <line number="437" hits="176" branch="True" condition-coverage="100% (2/2)">
                  <conditions>
                    <condition number="26" type="jump" coverage="100%" />
                  </conditions>
                </line>
                <line number="438" hits="6" branch="False" />
                <line number="439" hits="6" branch="False" />
                <line number="442" hits="170" branch="False" />
                <line number="443" hits="170" branch="True" condition-coverage="100% (4/4)">
                  <conditions>
                    <condition number="49" type="jump" coverage="100%" />
                    <condition number="70" type="jump" coverage="100%" />
                  </conditions>
                </line>
                <line number="444" hits="75" branch="False" />
                <line number="445" hits="75" branch="False" />
                <line number="448" hits="95" branch="False" />
                <line number="449" hits="95" branch="False" />
                <line number="452" hits="176" branch="False" />
              </lines>
            </method>
            <method name="get_Team1OddsResultExpectedLoss" signature="()" line-rate="1" branch-rate="1" complexity="8">
              <lines>
                <line number="458" hits="174" branch="False" />
                <line number="459" hits="174" branch="True" condition-coverage="100% (2/2)">
                  <conditions>
                    <condition number="26" type="jump" coverage="100%" />
                  </conditions>
                </line>
                <line number="460" hits="6" branch="False" />
                <line number="461" hits="6" branch="False" />
                <line number="464" hits="168" branch="False" />
                <line number="465" hits="168" branch="True" condition-coverage="100% (6/6)">
                  <conditions>
                    <condition number="49" type="jump" coverage="100%" />
                    <condition number="80" type="jump" coverage="100%" />
                    <condition number="101" type="jump" coverage="100%" />
                  </conditions>
                </line>
                <line number="466" hits="26" branch="False" />
                <line number="467" hits="26" branch="False" />
                <line number="470" hits="142" branch="False" />
                <line number="471" hits="142" branch="False" />
                <line number="474" hits="174" branch="False" />
              </lines>
            </method>
            <method name="get_Team1OddsResultUnexpectedWin" signature="()" line-rate="1" branch-rate="1" complexity="6">
              <lines>
                <line number="480" hits="175" branch="False" />
                <line number="481" hits="175" branch="True" condition-coverage="100% (2/2)">
                  <conditions>
                    <condition number="26" type="jump" coverage="100%" />
                  </conditions>
                </line>
                <line number="482" hits="6" branch="False" />
                <line number="483" hits="6" branch="False" />
                <line number="486" hits="169" branch="False" />
                <line number="487" hits="169" branch="True" condition-coverage="100% (4/4)">
                  <conditions>
                    <condition number="49" type="jump" coverage="100%" />
                    <condition number="70" type="jump" coverage="100%" />
                  </conditions>
                </line>
                <line number="488" hits="22" branch="False" />
                <line number="489" hits="22" branch="False" />
                <line number="492" hits="147" branch="False" />
                <line number="493" hits="147" branch="False" />
                <line number="496" hits="175" branch="False" />
              </lines>
            </method>
            <method name="get_Team1OddsResultUnexpectedLoss" signature="()" line-rate="1" branch-rate="1" complexity="8">
              <lines>
                <line number="502" hits="171" branch="False" />
                <line number="503" hits="171" branch="True" condition-coverage="100% (2/2)">
                  <conditions>
                    <condition number="26" type="jump" coverage="100%" />
                  </conditions>
                </line>
                <line number="504" hits="6" branch="False" />
                <line number="505" hits="6" branch="False" />
                <line number="508" hits="165" branch="False" />
                <line number="509" hits="165" branch="True" condition-coverage="100% (6/6)">
                  <conditions>
                    <condition number="49" type="jump" coverage="100%" />
                    <condition number="80" type="jump" coverage="100%" />
                    <condition number="101" type="jump" coverage="100%" />
                  </conditions>
                </line>
                <line number="510" hits="16" branch="False" />
                <line number="511" hits="16" branch="False" />
                <line number="514" hits="149" branch="False" />
                <line number="515" hits="149" branch="False" />
                <line number="518" hits="171" branch="False" />
              </lines>
            </method>
            <method name="get_Team1OddsResultUnexpectedDraw" signature="()" line-rate="1" branch-rate="1" complexity="8">
              <lines>
                <line number="524" hits="174" branch="False" />
                <line number="525" hits="174" branch="True" condition-coverage="100% (2/2)">
                  <conditions>
                    <condition number="26" type="jump" coverage="100%" />
                  </conditions>
                </line>
                <line number="526" hits="6" branch="False" />
                <line number="527" hits="6" branch="False" />
                <line number="530" hits="168" branch="False" />
                <line number="531" hits="168" branch="True" condition-coverage="100% (6/6)">
                  <conditions>
                    <condition number="63" type="jump" coverage="100%" />
                    <condition number="94" type="jump" coverage="100%" />
                    <condition number="116" type="jump" coverage="100%" />
                  </conditions>
                </line>
                <line number="532" hits="29" branch="False" />
                <line number="533" hits="29" branch="False" />
                <line number="536" hits="139" branch="False" />
                <line number="537" hits="139" branch="False" />
                <line number="540" hits="174" branch="False" />
              </lines>
            </method>
            <method name="get_Team1OddsStatusText" signature="()" line-rate="0" branch-rate="0" complexity="18">
              <lines>
                <line number="546" hits="0" branch="False" />
                <line number="547" hits="0" branch="True" condition-coverage="0% (0/2)">
                  <conditions>
                    <condition number="26" type="jump" coverage="0%" />
                  </conditions>
                </line>
                <line number="548" hits="0" branch="False" />
                <line number="549" hits="0" branch="False" />
                <line number="551" hits="0" branch="True" condition-coverage="0% (0/2)">
                  <conditions>
                    <condition number="48" type="jump" coverage="0%" />
                  </conditions>
                </line>
                <line number="552" hits="0" branch="False" />
                <line number="553" hits="0" branch="False" />
                <line number="555" hits="0" branch="True" condition-coverage="0% (0/2)">
                  <conditions>
                    <condition number="81" type="jump" coverage="0%" />
                  </conditions>
                </line>
                <line number="556" hits="0" branch="False" />
                <line number="557" hits="0" branch="False" />
                <line number="559" hits="0" branch="True" condition-coverage="0% (0/2)">
                  <conditions>
                    <condition number="116" type="jump" coverage="0%" />
                  </conditions>
                </line>
                <line number="560" hits="0" branch="False" />
                <line number="561" hits="0" branch="False" />
                <line number="563" hits="0" branch="True" condition-coverage="0% (0/2)">
                  <conditions>
                    <condition number="151" type="jump" coverage="0%" />
                  </conditions>
                </line>
                <line number="564" hits="0" branch="False" />
                <line number="565" hits="0" branch="False" />
                <line number="567" hits="0" branch="True" condition-coverage="0% (0/4)">
                  <conditions>
                    <condition number="179" type="jump" coverage="0%" />
                    <condition number="208" type="jump" coverage="0%" />
                  </conditions>
                </line>
                <line number="568" hits="0" branch="False" />
                <line number="569" hits="0" branch="False" />
                <line number="571" hits="0" branch="True" condition-coverage="0% (0/4)">
                  <conditions>
                    <condition number="236" type="jump" coverage="0%" />
                    <condition number="262" type="jump" coverage="0%" />
                  </conditions>
                </line>
                <line number="572" hits="0" branch="False" />
                <line number="573" hits="0" branch="False" />
                <line number="576" hits="0" branch="False" />
                <line number="577" hits="0" branch="False" />
              </lines>
            </method>
            <method name="get_Team2OddsResultUnknown" signature="()" line-rate="1" branch-rate="1" complexity="4">
              <lines>
                <line number="583" hits="150" branch="False" />
                <line number="584" hits="150" branch="True" condition-coverage="100% (4/4)">
                  <conditions>
                    <condition number="15" type="jump" coverage="100%" />
                    <condition number="45" type="jump" coverage="100%" />
                  </conditions>
                </line>
                <line number="585" hits="3" branch="False" />
                <line number="586" hits="3" branch="False" />
                <line number="589" hits="147" branch="False" />
                <line number="590" hits="147" branch="False" />
                <line number="592" hits="150" branch="False" />
              </lines>
            </method>
            <method name="get_Team2OddsResultExpectedWin" signature="()" line-rate="1" branch-rate="1" complexity="6">
              <lines>
                <line number="598" hits="156" branch="False" />
                <line number="599" hits="156" branch="True" condition-coverage="100% (2/2)">
                  <conditions>
                    <condition number="26" type="jump" coverage="100%" />
                  </conditions>
                </line>
                <line number="600" hits="2" branch="False" />
                <line number="601" hits="2" branch="False" />
                <line number="604" hits="154" branch="False" />
                <line number="605" hits="154" branch="True" condition-coverage="100% (4/4)">
                  <conditions>
                    <condition number="49" type="jump" coverage="100%" />
                    <condition number="70" type="jump" coverage="100%" />
                  </conditions>
                </line>
                <line number="606" hits="31" branch="False" />
                <line number="607" hits="31" branch="False" />
                <line number="610" hits="123" branch="False" />
                <line number="611" hits="123" branch="False" />
                <line number="614" hits="156" branch="False" />
              </lines>
            </method>
            <method name="get_Team2OddsResultExpectedLoss" signature="()" line-rate="1" branch-rate="1" complexity="8">
              <lines>
                <line number="620" hits="153" branch="False" />
                <line number="621" hits="153" branch="True" condition-coverage="100% (2/2)">
                  <conditions>
                    <condition number="26" type="jump" coverage="100%" />
                  </conditions>
                </line>
                <line number="622" hits="2" branch="False" />
                <line number="623" hits="2" branch="False" />
                <line number="626" hits="151" branch="False" />
                <line number="627" hits="151" branch="True" condition-coverage="100% (6/6)">
                  <conditions>
                    <condition number="49" type="jump" coverage="100%" />
                    <condition number="80" type="jump" coverage="100%" />
                    <condition number="101" type="jump" coverage="100%" />
                  </conditions>
                </line>
                <line number="628" hits="46" branch="False" />
                <line number="629" hits="46" branch="False" />
                <line number="632" hits="105" branch="False" />
                <line number="633" hits="105" branch="False" />
                <line number="636" hits="153" branch="False" />
              </lines>
            </method>
            <method name="get_Team2OddsResultUnexpectedWin" signature="()" line-rate="1" branch-rate="1" complexity="6">
              <lines>
                <line number="642" hits="155" branch="False" />
                <line number="643" hits="155" branch="True" condition-coverage="100% (2/2)">
                  <conditions>
                    <condition number="26" type="jump" coverage="100%" />
                  </conditions>
                </line>
                <line number="644" hits="2" branch="False" />
                <line number="645" hits="2" branch="False" />
                <line number="648" hits="153" branch="False" />
                <line number="649" hits="153" branch="True" condition-coverage="100% (4/4)">
                  <conditions>
                    <condition number="49" type="jump" coverage="100%" />
                    <condition number="70" type="jump" coverage="100%" />
                  </conditions>
                </line>
                <line number="650" hits="19" branch="False" />
                <line number="651" hits="19" branch="False" />
                <line number="654" hits="134" branch="False" />
                <line number="655" hits="134" branch="False" />
                <line number="658" hits="155" branch="False" />
              </lines>
            </method>
            <method name="get_Team2OddsResultUnexpectedLoss" signature="()" line-rate="1" branch-rate="1" complexity="8">
              <lines>
                <line number="664" hits="151" branch="False" />
                <line number="665" hits="151" branch="True" condition-coverage="100% (2/2)">
                  <conditions>
                    <condition number="26" type="jump" coverage="100%" />
                  </conditions>
                </line>
                <line number="666" hits="2" branch="False" />
                <line number="667" hits="2" branch="False" />
                <line number="670" hits="149" branch="False" />
                <line number="671" hits="149" branch="True" condition-coverage="100% (6/6)">
                  <conditions>
                    <condition number="49" type="jump" coverage="100%" />
                    <condition number="80" type="jump" coverage="100%" />
                    <condition number="101" type="jump" coverage="100%" />
                  </conditions>
                </line>
                <line number="672" hits="19" branch="False" />
                <line number="673" hits="19" branch="False" />
                <line number="676" hits="130" branch="False" />
                <line number="677" hits="130" branch="False" />
                <line number="680" hits="151" branch="False" />
              </lines>
            </method>
            <method name="get_Team2OddsResultUnexpectedDraw" signature="()" line-rate="1" branch-rate="1" complexity="8">
              <lines>
                <line number="686" hits="155" branch="False" />
                <line number="687" hits="155" branch="True" condition-coverage="100% (2/2)">
                  <conditions>
                    <condition number="26" type="jump" coverage="100%" />
                  </conditions>
                </line>
                <line number="688" hits="2" branch="False" />
                <line number="689" hits="2" branch="False" />
                <line number="692" hits="153" branch="False" />
                <line number="693" hits="153" branch="True" condition-coverage="100% (6/6)">
                  <conditions>
                    <condition number="63" type="jump" coverage="100%" />
                    <condition number="94" type="jump" coverage="100%" />
                    <condition number="116" type="jump" coverage="100%" />
                  </conditions>
                </line>
                <line number="694" hits="37" branch="False" />
                <line number="695" hits="37" branch="False" />
                <line number="698" hits="116" branch="False" />
                <line number="699" hits="116" branch="False" />
                <line number="702" hits="155" branch="False" />
              </lines>
            </method>
            <method name="get_Team2OddsStatusText" signature="()" line-rate="0" branch-rate="0" complexity="18">
              <lines>
                <line number="708" hits="0" branch="False" />
                <line number="709" hits="0" branch="True" condition-coverage="0% (0/2)">
                  <conditions>
                    <condition number="26" type="jump" coverage="0%" />
                  </conditions>
                </line>
                <line number="710" hits="0" branch="False" />
                <line number="711" hits="0" branch="False" />
                <line number="713" hits="0" branch="True" condition-coverage="0% (0/2)">
                  <conditions>
                    <condition number="48" type="jump" coverage="0%" />
                  </conditions>
                </line>
                <line number="714" hits="0" branch="False" />
                <line number="715" hits="0" branch="False" />
                <line number="717" hits="0" branch="True" condition-coverage="0% (0/2)">
                  <conditions>
                    <condition number="81" type="jump" coverage="0%" />
                  </conditions>
                </line>
                <line number="718" hits="0" branch="False" />
                <line number="719" hits="0" branch="False" />
                <line number="721" hits="0" branch="True" condition-coverage="0% (0/2)">
                  <conditions>
                    <condition number="116" type="jump" coverage="0%" />
                  </conditions>
                </line>
                <line number="722" hits="0" branch="False" />
                <line number="723" hits="0" branch="False" />
                <line number="725" hits="0" branch="True" condition-coverage="0% (0/2)">
                  <conditions>
                    <condition number="151" type="jump" coverage="0%" />
                  </conditions>
                </line>
                <line number="726" hits="0" branch="False" />
                <line number="727" hits="0" branch="False" />
                <line number="729" hits="0" branch="True" condition-coverage="0% (0/4)">
                  <conditions>
                    <condition number="179" type="jump" coverage="0%" />
                    <condition number="208" type="jump" coverage="0%" />
                  </conditions>
                </line>
                <line number="730" hits="0" branch="False" />
                <line number="731" hits="0" branch="False" />
                <line number="733" hits="0" branch="True" condition-coverage="0% (0/4)">
                  <conditions>
                    <condition number="236" type="jump" coverage="0%" />
                    <condition number="262" type="jump" coverage="0%" />
                  </conditions>
                </line>
                <line number="734" hits="0" branch="False" />
                <line number="735" hits="0" branch="False" />
                <line number="738" hits="0" branch="False" />
                <line number="739" hits="0" branch="False" />
              </lines>
            </method>
            <method name="get_ShowPenaltyShootOutLabel" signature="()" line-rate="1" branch-rate="1" complexity="1">
              <lines>
                <line number="742" hits="1" branch="False" />
              </lines>
            </method>
            <method name="get_GameCanEndInADraw" signature="()" line-rate="1" branch-rate="1" complexity="1">
              <lines>
                <line number="744" hits="2109" branch="False" />
              </lines>
            </method>
            <method name=".ctor" signature="()" line-rate="1" branch-rate="1" complexity="1">
              <lines>
                <line number="8" hits="2824" branch="False" />
                <line number="9" hits="1412" branch="False" />
                <line number="10" hits="1412" branch="False" />
                <line number="171" hits="1412" branch="False" />
                <line number="172" hits="1412" branch="False" />
                <line number="173" hits="1412" branch="False" />
              </lines>
            </method>
          </methods>
          <lines>
            <line number="12" hits="1339" branch="False" />
            <line number="13" hits="1346" branch="False" />
            <line number="14" hits="9918" branch="False" />
            <line number="15" hits="1345" branch="False" />
            <line number="16" hits="1345" branch="False" />
            <line number="17" hits="1360" branch="False" />
            <line number="18" hits="1346" branch="False" />
            <line number="20" hits="1905" branch="False" />
            <line number="21" hits="1345" branch="False" />
            <line number="22" hits="1422" branch="False" />
            <line number="25" hits="4" branch="False" />
            <line number="26" hits="4" branch="True" condition-coverage="100% (2/2)">
              <conditions>
                <condition number="30" type="jump" coverage="100%" />
              </conditions>
            </line>
            <line number="27" hits="2" branch="False" />
            <line number="28" hits="2" branch="False" />
            <line number="31" hits="2" branch="False" />
            <line number="32" hits="2" branch="False" />
            <line number="34" hits="4" branch="False" />
            <line number="35" hits="2073" branch="False" />
            <line number="36" hits="1479" branch="False" />
            <line number="37" hits="3904" branch="False" />
            <line number="38" hits="2003" branch="False" />
            <line number="39" hits="3135" branch="False" />
            <line number="40" hits="1341" branch="False" />
            <line number="41" hits="7835" branch="False" />
            <line number="42" hits="1602" branch="False" />
            <line number="43" hits="1901" branch="False" />
            <line number="44" hits="1479" branch="False" />
            <line number="45" hits="3492" branch="False" />
            <line number="46" hits="277" branch="False" />
            <line number="47" hits="188" branch="False" />
            <line number="48" hits="1341" branch="False" />
            <line number="49" hits="6383" branch="False" />
            <line number="50" hits="1603" branch="False" />
            <line number="51" hits="1343" branch="False" />
            <line number="52" hits="1343" branch="False" />
            <line number="53" hits="1349" branch="False" />
            <line number="54" hits="1348" branch="False" />
            <line number="55" hits="1045" branch="False" />
            <line number="56" hits="1045" branch="False" />
            <line number="59" hits="3332" branch="False" />
            <line number="60" hits="3332" branch="False" />
            <line number="61" hits="1339" branch="False" />
            <line number="62" hits="1339" branch="False" />
            <line number="63" hits="2102" branch="False" />
            <line number="64" hits="1880" branch="False" />
            <line number="67" hits="3" branch="False" />
            <line number="68" hits="3" branch="False" />
            <line number="69" hits="1" branch="False" />
            <line number="74" hits="4" branch="False" />
            <line number="75" hits="4" branch="False" />
            <line number="76" hits="4" branch="True" condition-coverage="100% (2/2)">
              <conditions>
                <condition number="25" type="jump" coverage="100%" />
              </conditions>
            </line>
            <line number="77" hits="3" branch="False" />
            <line number="78" hits="3" branch="False" />
            <line number="79" hits="3" branch="False" />
            <line number="80" hits="4" branch="True" condition-coverage="100% (2/2)">
              <conditions>
                <condition number="52" type="jump" coverage="100%" />
              </conditions>
            </line>
            <line number="81" hits="3" branch="False" />
            <line number="82" hits="3" branch="True" condition-coverage="100% (2/2)">
              <conditions>
                <condition number="80" type="jump" coverage="100%" />
              </conditions>
            </line>
            <line number="83" hits="3" branch="False" />
            <line number="84" hits="4" branch="False" />
            <line number="85" hits="4" branch="False" />
            <line number="90" hits="3" branch="False" />
            <line number="91" hits="3" branch="False" />
            <line number="92" hits="3" branch="True" condition-coverage="100% (2/2)">
              <conditions>
                <condition number="25" type="jump" coverage="100%" />
              </conditions>
            </line>
            <line number="93" hits="3" branch="False" />
            <line number="94" hits="3" branch="False" />
            <line number="95" hits="3" branch="False" />
            <line number="96" hits="3" branch="True" condition-coverage="100% (2/2)">
              <conditions>
                <condition number="52" type="jump" coverage="100%" />
              </conditions>
            </line>
            <line number="97" hits="2" branch="False" />
            <line number="98" hits="2" branch="True" condition-coverage="50% (1/2)">
              <conditions>
                <condition number="80" type="jump" coverage="50%" />
              </conditions>
            </line>
            <line number="99" hits="2" branch="False" />
            <line number="100" hits="3" branch="False" />
            <line number="101" hits="3" branch="False" />
            <line number="107" hits="1733" branch="False" />
            <line number="108" hits="1733" branch="True" condition-coverage="100% (4/4)">
              <conditions>
                <condition number="15" type="jump" coverage="100%" />
                <condition number="36" type="jump" coverage="100%" />
              </conditions>
            </line>
            <line number="109" hits="1702" branch="False" />
            <line number="110" hits="1702" branch="True" condition-coverage="100% (4/4)">
              <conditions>
                <condition number="60" type="jump" coverage="100%" />
                <condition number="90" type="jump" coverage="100%" />
              </conditions>
            </line>
            <line number="111" hits="189" branch="False" />
            <line number="112" hits="189" branch="False" />
            <line number="113" hits="189" branch="False" />
            <line number="114" hits="1702" branch="False" />
            <line number="117" hits="31" branch="False" />
            <line number="118" hits="31" branch="False" />
            <line number="120" hits="1733" branch="False" />
            <line number="126" hits="1539" branch="False" />
            <line number="127" hits="1539" branch="True" condition-coverage="100% (4/4)">
              <conditions>
                <condition number="15" type="jump" coverage="100%" />
                <condition number="36" type="jump" coverage="100%" />
              </conditions>
            </line>
            <line number="128" hits="1529" branch="False" />
            <line number="129" hits="1529" branch="True" condition-coverage="100% (4/4)">
              <conditions>
                <condition number="60" type="jump" coverage="100%" />
                <condition number="90" type="jump" coverage="100%" />
              </conditions>
            </line>
            <line number="130" hits="150" branch="False" />
            <line number="131" hits="150" branch="False" />
            <line number="132" hits="150" branch="False" />
            <line number="133" hits="1529" branch="False" />
            <line number="136" hits="10" branch="False" />
            <line number="137" hits="10" branch="False" />
            <line number="149" hits="1539" branch="False" />
            <line number="155" hits="12" branch="False" />
            <line number="156" hits="12" branch="True" condition-coverage="50% (2/4)">
              <conditions>
                <condition number="15" type="jump" coverage="50%" />
                <condition number="36" type="jump" coverage="50%" />
              </conditions>
            </line>
            <line number="157" hits="12" branch="False" />
            <line number="158" hits="12" branch="True" condition-coverage="100% (4/4)">
              <conditions>
                <condition number="60" type="jump" coverage="100%" />
                <condition number="90" type="jump" coverage="100%" />
              </conditions>
            </line>
            <line number="159" hits="2" branch="False" />
            <line number="160" hits="2" branch="False" />
            <line number="161" hits="2" branch="False" />
            <line number="162" hits="12" branch="False" />
            <line number="165" hits="0" branch="False" />
            <line number="166" hits="0" branch="False" />
            <line number="168" hits="12" branch="False" />
            <line number="175" hits="1753" branch="False" />
            <line number="177" hits="1753" branch="True" condition-coverage="100% (10/10)">
              <conditions>
                <condition number="17" type="jump" coverage="100%" />
                <condition number="35" type="jump" coverage="100%" />
                <condition number="53" type="jump" coverage="100%" />
                <condition number="71" type="jump" coverage="100%" />
                <condition number="94" type="jump" coverage="100%" />
              </conditions>
            </line>
            <line number="178" hits="1753" branch="False" />
            <line number="179" hits="1753" branch="False" />
            <line number="180" hits="1753" branch="False" />
            <line number="181" hits="1753" branch="False" />
            <line number="182" hits="102" branch="False" />
            <line number="183" hits="102" branch="False" />
            <line number="184" hits="102" branch="False" />
            <line number="186" hits="1651" branch="False" />
            <line number="187" hits="1651" branch="False" />
            <line number="188" hits="1651" branch="False" />
            <line number="189" hits="1753" branch="True" condition-coverage="100% (4/4)">
              <conditions>
                <condition number="132" type="jump" coverage="100%" />
                <condition number="156" type="jump" coverage="100%" />
              </conditions>
            </line>
            <line number="190" hits="1412" branch="False" />
            <line number="191" hits="1412" branch="False" />
            <line number="192" hits="1412" branch="False" />
            <line number="193" hits="1412" branch="False" />
            <line number="194" hits="1412" branch="False" />
            <line number="196" hits="341" branch="False" />
            <line number="198" hits="341" branch="False" />
            <line number="202" hits="341" branch="False" />
            <line number="205" hits="341" branch="False" />
            <line number="206" hits="341" branch="False" />
            <line number="207" hits="341" branch="True" condition-coverage="100% (2/2)">
              <conditions>
                <condition number="416" type="jump" coverage="100%" />
              </conditions>
            </line>
            <line number="208" hits="239" branch="False" />
            <line number="209" hits="239" branch="False" />
            <line number="211" hits="239" branch="False" />
            <line number="214" hits="341" branch="False" />
            <line number="215" hits="341" branch="False" />
            <line number="216" hits="341" branch="False" />
            <line number="217" hits="341" branch="False" />
            <line number="218" hits="1753" branch="False" />
            <line number="223" hits="0" branch="False" />
            <line number="224" hits="0" branch="True" condition-coverage="0% (0/2)">
              <conditions>
                <condition number="29" type="jump" coverage="0%" />
              </conditions>
            </line>
            <line number="225" hits="0" branch="False" />
            <line number="226" hits="0" branch="True" condition-coverage="0% (0/2)">
              <conditions>
                <condition number="48" type="jump" coverage="0%" />
              </conditions>
            </line>
            <line number="227" hits="0" branch="False" />
            <line number="228" hits="0" branch="False" />
            <line number="231" hits="0" branch="False" />
            <line number="232" hits="0" branch="False" />
            <line number="236" hits="0" branch="False" />
            <line number="237" hits="0" branch="True" condition-coverage="0% (0/2)">
              <conditions>
                <condition number="79" type="jump" coverage="0%" />
              </conditions>
            </line>
            <line number="238" hits="0" branch="False" />
            <line number="239" hits="0" branch="False" />
            <line number="242" hits="0" branch="False" />
            <line number="243" hits="0" branch="False" />
            <line number="246" hits="0" branch="False" />
            <line number="252" hits="176" branch="False" />
            <line number="253" hits="176" branch="True" condition-coverage="100% (2/2)">
              <conditions>
                <condition number="9" type="jump" coverage="100%" />
              </conditions>
            </line>
            <line number="254" hits="75" branch="False" />
            <line number="255" hits="75" branch="False" />
            <line number="258" hits="101" branch="False" />
            <line number="259" hits="101" branch="False" />
            <line number="261" hits="176" branch="False" />
            <line number="266" hits="174" branch="False" />
            <line number="267" hits="174" branch="True" condition-coverage="100% (2/2)">
              <conditions>
                <condition number="9" type="jump" coverage="100%" />
              </conditions>
            </line>
            <line number="268" hits="26" branch="False" />
            <line number="269" hits="26" branch="False" />
            <line number="272" hits="148" branch="False" />
            <line number="273" hits="148" branch="False" />
            <line number="275" hits="174" branch="False" />
            <line number="280" hits="175" branch="False" />
            <line number="281" hits="175" branch="True" condition-coverage="100% (2/2)">
              <conditions>
                <condition number="9" type="jump" coverage="100%" />
              </conditions>
            </line>
            <line number="282" hits="22" branch="False" />
            <line number="283" hits="22" branch="False" />
            <line number="286" hits="153" branch="False" />
            <line number="287" hits="153" branch="False" />
            <line number="289" hits="175" branch="False" />
            <line number="294" hits="171" branch="False" />
            <line number="295" hits="171" branch="True" condition-coverage="100% (2/2)">
              <conditions>
                <condition number="9" type="jump" coverage="100%" />
              </conditions>
            </line>
            <line number="296" hits="16" branch="False" />
            <line number="297" hits="16" branch="False" />
            <line number="300" hits="155" branch="False" />
            <line number="301" hits="155" branch="False" />
            <line number="303" hits="171" branch="False" />
            <line number="308" hits="174" branch="False" />
            <line number="309" hits="174" branch="True" condition-coverage="100% (2/2)">
              <conditions>
                <condition number="9" type="jump" coverage="100%" />
              </conditions>
            </line>
            <line number="310" hits="29" branch="False" />
            <line number="311" hits="29" branch="False" />
            <line number="314" hits="145" branch="False" />
            <line number="315" hits="145" branch="False" />
            <line number="317" hits="174" branch="False" />
            <line number="322" hits="170" branch="False" />
            <line number="323" hits="170" branch="True" condition-coverage="100% (2/2)">
              <conditions>
                <condition number="9" type="jump" coverage="100%" />
              </conditions>
            </line>
            <line number="324" hits="7" branch="False" />
            <line number="325" hits="7" branch="False" />
            <line number="328" hits="163" branch="False" />
            <line number="329" hits="163" branch="False" />
            <line number="331" hits="170" branch="False" />
            <line number="336" hits="156" branch="False" />
            <line number="337" hits="156" branch="True" condition-coverage="100% (2/2)">
              <conditions>
                <condition number="9" type="jump" coverage="100%" />
              </conditions>
            </line>
            <line number="338" hits="31" branch="False" />
            <line number="339" hits="31" branch="False" />
            <line number="342" hits="125" branch="False" />
            <line number="343" hits="125" branch="False" />
            <line number="345" hits="156" branch="False" />
            <line number="350" hits="153" branch="False" />
            <line number="351" hits="153" branch="True" condition-coverage="100% (2/2)">
              <conditions>
                <condition number="9" type="jump" coverage="100%" />
              </conditions>
            </line>
            <line number="352" hits="46" branch="False" />
            <line number="353" hits="46" branch="False" />
            <line number="356" hits="107" branch="False" />
            <line number="357" hits="107" branch="False" />
            <line number="359" hits="153" branch="False" />
            <line number="364" hits="155" branch="False" />
            <line number="365" hits="155" branch="True" condition-coverage="100% (2/2)">
              <conditions>
                <condition number="9" type="jump" coverage="100%" />
              </conditions>
            </line>
            <line number="366" hits="19" branch="False" />
            <line number="367" hits="19" branch="False" />
            <line number="370" hits="136" branch="False" />
            <line number="371" hits="136" branch="False" />
            <line number="373" hits="155" branch="False" />
            <line number="378" hits="151" branch="False" />
            <line number="379" hits="151" branch="True" condition-coverage="100% (2/2)">
              <conditions>
                <condition number="9" type="jump" coverage="100%" />
              </conditions>
            </line>
            <line number="380" hits="19" branch="False" />
            <line number="381" hits="19" branch="False" />
            <line number="384" hits="132" branch="False" />
            <line number="385" hits="132" branch="False" />
            <line number="387" hits="151" branch="False" />
            <line number="392" hits="155" branch="False" />
            <line number="393" hits="155" branch="True" condition-coverage="100% (2/2)">
              <conditions>
                <condition number="9" type="jump" coverage="100%" />
              </conditions>
            </line>
            <line number="394" hits="37" branch="False" />
            <line number="395" hits="37" branch="False" />
            <line number="398" hits="118" branch="False" />
            <line number="399" hits="118" branch="False" />
            <line number="401" hits="155" branch="False" />
            <line number="406" hits="150" branch="False" />
            <line number="407" hits="150" branch="True" condition-coverage="100% (2/2)">
              <conditions>
                <condition number="9" type="jump" coverage="100%" />
              </conditions>
            </line>
            <line number="408" hits="3" branch="False" />
            <line number="409" hits="3" branch="False" />
            <line number="412" hits="147" branch="False" />
            <line number="413" hits="147" branch="False" />
            <line number="415" hits="150" branch="False" />
            <line number="421" hits="170" branch="False" />
            <line number="422" hits="170" branch="True" condition-coverage="100% (4/4)">
              <conditions>
                <condition number="15" type="jump" coverage="100%" />
                <condition number="45" type="jump" coverage="100%" />
              </conditions>
            </line>
            <line number="423" hits="7" branch="False" />
            <line number="424" hits="7" branch="False" />
            <line number="427" hits="163" branch="False" />
            <line number="428" hits="163" branch="False" />
            <line number="430" hits="170" branch="False" />
            <line number="436" hits="176" branch="False" />
            <line number="437" hits="176" branch="True" condition-coverage="100% (2/2)">
              <conditions>
                <condition number="26" type="jump" coverage="100%" />
              </conditions>
            </line>
            <line number="438" hits="6" branch="False" />
            <line number="439" hits="6" branch="False" />
            <line number="442" hits="170" branch="False" />
            <line number="443" hits="170" branch="True" condition-coverage="100% (4/4)">
              <conditions>
                <condition number="49" type="jump" coverage="100%" />
                <condition number="70" type="jump" coverage="100%" />
              </conditions>
            </line>
            <line number="444" hits="75" branch="False" />
            <line number="445" hits="75" branch="False" />
            <line number="448" hits="95" branch="False" />
            <line number="449" hits="95" branch="False" />
            <line number="452" hits="176" branch="False" />
            <line number="458" hits="174" branch="False" />
            <line number="459" hits="174" branch="True" condition-coverage="100% (2/2)">
              <conditions>
                <condition number="26" type="jump" coverage="100%" />
              </conditions>
            </line>
            <line number="460" hits="6" branch="False" />
            <line number="461" hits="6" branch="False" />
            <line number="464" hits="168" branch="False" />
            <line number="465" hits="168" branch="True" condition-coverage="100% (6/6)">
              <conditions>
                <condition number="49" type="jump" coverage="100%" />
                <condition number="80" type="jump" coverage="100%" />
                <condition number="101" type="jump" coverage="100%" />
              </conditions>
            </line>
            <line number="466" hits="26" branch="False" />
[...]
          <methods>
            <method name="MoveNext" signature="()" line-rate="1" branch-rate="1" complexity="1">
              <lines>
                <line number="22" hits="8" branch="False" />
                <line number="23" hits="8" branch="False" />
                <line number="24" hits="8" branch="False" />
              </lines>
            </method>
          </methods>
          <lines>
            <line number="22" hits="8" branch="False" />
            <line number="23" hits="8" branch="False" />
            <line number="24" hits="8" branch="False" />
          </lines>
        </class>
        <class name="SamSmithNZ.Service.Controllers.GuitarTab.TabController/&lt;SaveTab&gt;d__4" filename="Controllers\GuitarTab\TabController.cs" line-rate="1" branch-rate="1" complexity="1">
          <methods>
            <method name="MoveNext" signature="()" line-rate="1" branch-rate="1" complexity="1">
              <lines>
                <line number="34" hits="2" branch="False" />
                <line number="35" hits="2" branch="False" />
                <line number="36" hits="2" branch="False" />
              </lines>
            </method>
          </methods>
          <lines>
            <line number="34" hits="2" branch="False" />
            <line number="35" hits="2" branch="False" />
            <line number="36" hits="2" branch="False" />
          </lines>
        </class>
        <class name="SamSmithNZ.Service.Controllers.GuitarTab.TrackOrderController" filename="Controllers\GuitarTab\TrackOrderController.cs" line-rate="1" branch-rate="1" complexity="1">
          <methods>
            <method name=".ctor" signature="(SamSmithNZ.Service.DataAccess.GuitarTab.Interfaces.ITrackOrderDataAccess)" line-rate="1" branch-rate="1" complexity="1">
              <lines>
                <line number="15" hits="2" branch="False" />
                <line number="16" hits="2" branch="False" />
                <line number="17" hits="2" branch="False" />
                <line number="18" hits="2" branch="False" />
              </lines>
            </method>
          </methods>
          <lines>
            <line number="15" hits="2" branch="False" />
            <line number="16" hits="2" branch="False" />
            <line number="17" hits="2" branch="False" />
            <line number="18" hits="2" branch="False" />
          </lines>
        </class>
        <class name="SamSmithNZ.Service.Controllers.GuitarTab.TrackOrderController/&lt;GetTrackOrders&gt;d__2" filename="Controllers\GuitarTab\TrackOrderController.cs" line-rate="1" branch-rate="1" complexity="1">
          <methods>
            <method name="MoveNext" signature="()" line-rate="1" branch-rate="1" complexity="1">
              <lines>
                <line number="22" hits="2" branch="False" />
                <line number="23" hits="2" branch="False" />
                <line number="24" hits="2" branch="False" />
              </lines>
            </method>
          </methods>
          <lines>
            <line number="22" hits="2" branch="False" />
            <line number="23" hits="2" branch="False" />
            <line number="24" hits="2" branch="False" />
          </lines>
        </class>
        <class name="SamSmithNZ.Service.Controllers.GuitarTab.TuningController" filename="Controllers\GuitarTab\TuningController.cs" line-rate="1" branch-rate="1" complexity="1">
          <methods>
            <method name=".ctor" signature="(SamSmithNZ.Service.DataAccess.GuitarTab.Interfaces.ITuningDataAccess)" line-rate="1" branch-rate="1" complexity="1">
              <lines>
                <line number="15" hits="6" branch="False" />
                <line number="16" hits="6" branch="False" />
                <line number="17" hits="6" branch="False" />
                <line number="18" hits="6" branch="False" />
              </lines>
            </method>
          </methods>
          <lines>
            <line number="15" hits="6" branch="False" />
            <line number="16" hits="6" branch="False" />
            <line number="17" hits="6" branch="False" />
            <line number="18" hits="6" branch="False" />
          </lines>
        </class>
        <class name="SamSmithNZ.Service.Controllers.GuitarTab.TuningController/&lt;GetTunings&gt;d__2" filename="Controllers\GuitarTab\TuningController.cs" line-rate="1" branch-rate="1" complexity="1">
          <methods>
            <method name="MoveNext" signature="()" line-rate="1" branch-rate="1" complexity="1">
              <lines>
                <line number="22" hits="4" branch="False" />
                <line number="23" hits="4" branch="False" />
                <line number="24" hits="4" branch="False" />
              </lines>
            </method>
          </methods>
          <lines>
            <line number="22" hits="4" branch="False" />
            <line number="23" hits="4" branch="False" />
            <line number="24" hits="4" branch="False" />
          </lines>
        </class>
        <class name="SamSmithNZ.Service.Controllers.FooFighters.AlbumController" filename="Controllers\FooFighters\AlbumController.cs" line-rate="1" branch-rate="1" complexity="1">
          <methods>
            <method name=".ctor" signature="(SamSmithNZ.Service.DataAccess.FooFighters.Interfaces.IAlbumDataAccess)" line-rate="1" branch-rate="1" complexity="1">
              <lines>
                <line number="15" hits="2" branch="False" />
                <line number="16" hits="2" branch="False" />
                <line number="17" hits="2" branch="False" />
                <line number="18" hits="2" branch="False" />
              </lines>
            </method>
          </methods>
          <lines>
            <line number="15" hits="2" branch="False" />
            <line number="16" hits="2" branch="False" />
            <line number="17" hits="2" branch="False" />
            <line number="18" hits="2" branch="False" />
          </lines>
        </class>
        <class name="SamSmithNZ.Service.Controllers.FooFighters.AlbumController/&lt;GetAlbum&gt;d__3" filename="Controllers\FooFighters\AlbumController.cs" line-rate="1" branch-rate="1" complexity="1">
          <methods>
            <method name="MoveNext" signature="()" line-rate="1" branch-rate="1" complexity="1">
              <lines>
                <line number="28" hits="1" branch="False" />
                <line number="29" hits="1" branch="False" />
                <line number="30" hits="1" branch="False" />
              </lines>
            </method>
          </methods>
          <lines>
            <line number="28" hits="1" branch="False" />
            <line number="29" hits="1" branch="False" />
            <line number="30" hits="1" branch="False" />
          </lines>
        </class>
        <class name="SamSmithNZ.Service.Controllers.FooFighters.AlbumController/&lt;GetAlbums&gt;d__2" filename="Controllers\FooFighters\AlbumController.cs" line-rate="1" branch-rate="1" complexity="1">
          <methods>
            <method name="MoveNext" signature="()" line-rate="1" branch-rate="1" complexity="1">
              <lines>
                <line number="22" hits="1" branch="False" />
                <line number="23" hits="1" branch="False" />
                <line number="24" hits="1" branch="False" />
              </lines>
            </method>
          </methods>
          <lines>
            <line number="22" hits="1" branch="False" />
            <line number="23" hits="1" branch="False" />
            <line number="24" hits="1" branch="False" />
          </lines>
        </class>
        <class name="SamSmithNZ.Service.Controllers.FooFighters.AverageSetlistController" filename="Controllers\FooFighters\AverageSetlistController.cs" line-rate="1" branch-rate="1" complexity="1">
          <methods>
            <method name=".ctor" signature="(SamSmithNZ.Service.DataAccess.FooFighters.Interfaces.IAverageSetlistDataAccess)" line-rate="1" branch-rate="1" complexity="1">
              <lines>
                <line number="15" hits="2" branch="False" />
                <line number="16" hits="2" branch="False" />
                <line number="17" hits="2" branch="False" />
                <line number="18" hits="2" branch="False" />
              </lines>
            </method>
          </methods>
          <lines>
            <line number="15" hits="2" branch="False" />
            <line number="16" hits="2" branch="False" />
            <line number="17" hits="2" branch="False" />
            <line number="18" hits="2" branch="False" />
          </lines>
        </class>
        <class name="SamSmithNZ.Service.Controllers.FooFighters.AverageSetlistController/&lt;GetAverageSetlist&gt;d__2" filename="Controllers\FooFighters\AverageSetlistController.cs" line-rate="1" branch-rate="1" complexity="1">
          <methods>
            <method name="MoveNext" signature="()" line-rate="1" branch-rate="1" complexity="1">
              <lines>
                <line number="22" hits="2" branch="False" />
                <line number="23" hits="2" branch="False" />
                <line number="24" hits="2" branch="False" />
              </lines>
            </method>
          </methods>
          <lines>
            <line number="22" hits="2" branch="False" />
            <line number="23" hits="2" branch="False" />
            <line number="24" hits="2" branch="False" />
          </lines>
        </class>
        <class name="SamSmithNZ.Service.Controllers.FooFighters.ShowController" filename="Controllers\FooFighters\ShowController.cs" line-rate="1" branch-rate="1" complexity="1">
          <methods>
            <method name=".ctor" signature="(SamSmithNZ.Service.DataAccess.FooFighters.Interfaces.IShowDataAccess)" line-rate="1" branch-rate="1" complexity="1">
              <lines>
                <line number="15" hits="16" branch="False" />
                <line number="16" hits="16" branch="False" />
                <line number="17" hits="16" branch="False" />
                <line number="18" hits="16" branch="False" />
              </lines>
            </method>
          </methods>
          <lines>
            <line number="15" hits="16" branch="False" />
            <line number="16" hits="16" branch="False" />
            <line number="17" hits="16" branch="False" />
            <line number="18" hits="16" branch="False" />
          </lines>
        </class>
        <class name="SamSmithNZ.Service.Controllers.FooFighters.ShowController/&lt;GetListByFFLCode&gt;d__4" filename="Controllers\FooFighters\ShowController.cs" line-rate="1" branch-rate="1" complexity="1">
          <methods>
            <method name="MoveNext" signature="()" line-rate="1" branch-rate="1" complexity="1">
              <lines>
                <line number="34" hits="2" branch="False" />
                <line number="35" hits="2" branch="False" />
                <line number="36" hits="2" branch="False" />
              </lines>
            </method>
          </methods>
          <lines>
            <line number="34" hits="2" branch="False" />
            <line number="35" hits="2" branch="False" />
            <line number="36" hits="2" branch="False" />
          </lines>
        </class>
        <class name="SamSmithNZ.Service.Controllers.FooFighters.ShowController/&lt;GetShow&gt;d__5" filename="Controllers\FooFighters\ShowController.cs" line-rate="1" branch-rate="1" complexity="1">
          <methods>
            <method name="MoveNext" signature="()" line-rate="1" branch-rate="1" complexity="1">
              <lines>
                <line number="40" hits="4" branch="False" />
                <line number="41" hits="4" branch="False" />
                <line number="42" hits="4" branch="False" />
              </lines>
            </method>
          </methods>
          <lines>
            <line number="40" hits="4" branch="False" />
            <line number="41" hits="4" branch="False" />
            <line number="42" hits="4" branch="False" />
          </lines>
        </class>
        <class name="SamSmithNZ.Service.Controllers.FooFighters.ShowController/&lt;GetShowsBySong&gt;d__3" filename="Controllers\FooFighters\ShowController.cs" line-rate="1" branch-rate="1" complexity="1">
          <methods>
            <method name="MoveNext" signature="()" line-rate="1" branch-rate="1" complexity="1">
              <lines>
                <line number="28" hits="4" branch="False" />
                <line number="29" hits="4" branch="False" />
                <line number="30" hits="4" branch="False" />
              </lines>
            </method>
          </methods>
          <lines>
            <line number="28" hits="4" branch="False" />
            <line number="29" hits="4" branch="False" />
            <line number="30" hits="4" branch="False" />
          </lines>
        </class>
        <class name="SamSmithNZ.Service.Controllers.FooFighters.ShowController/&lt;GetShowsByYear&gt;d__2" filename="Controllers\FooFighters\ShowController.cs" line-rate="1" branch-rate="1" complexity="1">
          <methods>
            <method name="MoveNext" signature="()" line-rate="1" branch-rate="1" complexity="1">
              <lines>
                <line number="22" hits="4" branch="False" />
                <line number="23" hits="4" branch="False" />
                <line number="24" hits="4" branch="False" />
              </lines>
            </method>
          </methods>
          <lines>
            <line number="22" hits="4" branch="False" />
            <line number="23" hits="4" branch="False" />
            <line number="24" hits="4" branch="False" />
          </lines>
        </class>
        <class name="SamSmithNZ.Service.Controllers.FooFighters.SongController" filename="Controllers\FooFighters\SongController.cs" line-rate="1" branch-rate="1" complexity="1">
          <methods>
            <method name=".ctor" signature="(SamSmithNZ.Service.DataAccess.FooFighters.Interfaces.ISongDataAccess)" line-rate="1" branch-rate="1" complexity="1">
              <lines>
                <line number="15" hits="14" branch="False" />
                <line number="16" hits="14" branch="False" />
                <line number="17" hits="14" branch="False" />
                <line number="18" hits="14" branch="False" />
              </lines>
            </method>
          </methods>
          <lines>
            <line number="15" hits="14" branch="False" />
            <line number="16" hits="14" branch="False" />
            <line number="17" hits="14" branch="False" />
            <line number="18" hits="14" branch="False" />
          </lines>
        </class>
        <class name="SamSmithNZ.Service.Controllers.FooFighters.SongController/&lt;GetSong&gt;d__5" filename="Controllers\FooFighters\SongController.cs" line-rate="1" branch-rate="1" complexity="1">
          <methods>
            <method name="MoveNext" signature="()" line-rate="1" branch-rate="1" complexity="1">
              <lines>
                <line number="40" hits="4" branch="False" />
                <line number="41" hits="4" branch="False" />
                <line number="42" hits="4" branch="False" />
              </lines>
            </method>
          </methods>
          <lines>
            <line number="40" hits="4" branch="False" />
            <line number="41" hits="4" branch="False" />
            <line number="42" hits="4" branch="False" />
          </lines>
        </class>
        <class name="SamSmithNZ.Service.Controllers.FooFighters.SongController/&lt;GetSongs&gt;d__2" filename="Controllers\FooFighters\SongController.cs" line-rate="1" branch-rate="1" complexity="1">
          <methods>
            <method name="MoveNext" signature="()" line-rate="1" branch-rate="1" complexity="1">
              <lines>
                <line number="22" hits="2" branch="False" />
                <line number="23" hits="2" branch="False" />
                <line number="24" hits="2" branch="False" />
              </lines>
            </method>
          </methods>
          <lines>
            <line number="22" hits="2" branch="False" />
            <line number="23" hits="2" branch="False" />
            <line number="24" hits="2" branch="False" />
          </lines>
        </class>
        <class name="SamSmithNZ.Service.Controllers.FooFighters.SongController/&lt;GetSongsByAlbum&gt;d__3" filename="Controllers\FooFighters\SongController.cs" line-rate="1" branch-rate="1" complexity="1">
          <methods>
            <method name="MoveNext" signature="()" line-rate="1" branch-rate="1" complexity="1">
              <lines>
                <line number="28" hits="3" branch="False" />
                <line number="29" hits="3" branch="False" />
                <line number="30" hits="3" branch="False" />
              </lines>
            </method>
          </methods>
          <lines>
            <line number="28" hits="3" branch="False" />
            <line number="29" hits="3" branch="False" />
            <line number="30" hits="3" branch="False" />
          </lines>
        </class>
        <class name="SamSmithNZ.Service.Controllers.FooFighters.SongController/&lt;GetSongsByShow&gt;d__4" filename="Controllers\FooFighters\SongController.cs" line-rate="1" branch-rate="1" complexity="1">
          <methods>
            <method name="MoveNext" signature="()" line-rate="1" branch-rate="1" complexity="1">
              <lines>
                <line number="34" hits="3" branch="False" />
                <line number="35" hits="3" branch="False" />
                <line number="36" hits="3" branch="False" />
              </lines>
            </method>
          </methods>
          <lines>
            <line number="34" hits="3" branch="False" />
            <line number="35" hits="3" branch="False" />
            <line number="36" hits="3" branch="False" />
          </lines>
        </class>
        <class name="SamSmithNZ.Service.Controllers.FooFighters.YearController" filename="Controllers\FooFighters\YearController.cs" line-rate="1" branch-rate="1" complexity="1">
          <methods>
            <method name=".ctor" signature="(SamSmithNZ.Service.DataAccess.FooFighters.Interfaces.IYearDataAccess)" line-rate="1" branch-rate="1" complexity="1">
              <lines>
                <line number="15" hits="2" branch="False" />
                <line number="16" hits="2" branch="False" />
                <line number="17" hits="2" branch="False" />
                <line number="18" hits="2" branch="False" />
              </lines>
            </method>
          </methods>
          <lines>
            <line number="15" hits="2" branch="False" />
            <line number="16" hits="2" branch="False" />
            <line number="17" hits="2" branch="False" />
            <line number="18" hits="2" branch="False" />
          </lines>
        </class>
        <class name="SamSmithNZ.Service.Controllers.FooFighters.YearController/&lt;GetYears&gt;d__2" filename="Controllers\FooFighters\YearController.cs" line-rate="1" branch-rate="1" complexity="1">
          <methods>
            <method name="MoveNext" signature="()" line-rate="1" branch-rate="1" complexity="1">
              <lines>
                <line number="22" hits="2" branch="False" />
                <line number="23" hits="2" branch="False" />
                <line number="24" hits="2" branch="False" />
              </lines>
            </method>
          </methods>
          <lines>
            <line number="22" hits="2" branch="False" />
            <line number="23" hits="2" branch="False" />
            <line number="24" hits="2" branch="False" />
          </lines>
        </class>
      </classes>
    </package>
  </packages>
</coverage>